app/build/intermediates/manifest_merge_blame_file/debug/manifest-merger-blame-debug-report.txt
1<?xml version="1.0" encoding="utf-8"?>
2<manifest xmlns:android="http://schemas.android.com/apk/res/android"
3    xmlns:dist="http://schemas.android.com/apk/distribution"
4    package="com.jisu.leiting"
5    android:versionCode="1"
6    android:versionName="1.0" >
7
8    <uses-sdk
9        android:minSdkVersion="23"
9-->src/main/AndroidManifest.xml
10        android:targetSdkVersion="29" />
10-->src/main/AndroidManifest.xml
11
12    <uses-permission android:name="android.permission.INTERNET" />
12-->src/main/AndroidManifest.xml:6:5-66
12-->src/main/AndroidManifest.xml:6:22-64
13
14    <dist:module dist:instant="true" />
14-->src/main/AndroidManifest.xml:8:5-40
14-->src/main/AndroidManifest.xml:8:18-37
15
16    <application
16-->src/main/AndroidManifest.xml:10:5-33:19
17        android:name="com.jisu.leiting.MainApplication"
17-->src/main/AndroidManifest.xml:18:9-40
18        android:allowBackup="true"
18-->src/main/AndroidManifest.xml:11:9-35
19        android:appComponentFactory="androidx.core.app.CoreComponentFactory"
19-->[androidx.core:core:1.0.1] AndroidManifest.xml:22:18-86
20        android:debuggable="true"
21        android:icon="@drawable/icon_leiting"
21-->src/main/AndroidManifest.xml:12:9-46
22        android:label="@string/app_name"
22-->src/main/AndroidManifest.xml:13:9-41
23        android:networkSecurityConfig="@xml/network_security_config"
23-->src/main/AndroidManifest.xml:19:9-69
24        android:roundIcon="@drawable/icon_leiting"
24-->src/main/AndroidManifest.xml:14:9-51
25        android:supportsRtl="true"
25-->src/main/AndroidManifest.xml:15:9-35
26        android:testOnly="true"
27        android:theme="@style/AppTheme"
27-->src/main/AndroidManifest.xml:16:9-40
28        android:usesCleartextTraffic="true" >
28-->src/main/AndroidManifest.xml:17:9-44
29        <activity
29-->src/main/AndroidManifest.xml:21:9-28:20
30            android:name="com.jisu.leiting.MainActivity"
30-->src/main/AndroidManifest.xml:21:19-47
31            android:screenOrientation="portrait" >
31-->src/main/AndroidManifest.xml:22:13-49
32            <intent-filter>
32-->src/main/AndroidManifest.xml:23:13-27:29
33                <action android:name="android.intent.action.MAIN" />
33-->src/main/AndroidManifest.xml:24:17-69
33-->src/main/AndroidManifest.xml:24:25-66
34
35                <category android:name="android.intent.category.LAUNCHER" />
35-->src/main/AndroidManifest.xml:26:17-77
35-->src/main/AndroidManifest.xml:26:27-74
36            </intent-filter>
37        </activity>
38        <activity android:name="com.jisu.leiting.ETHActivity" />
38-->src/main/AndroidManifest.xml:29:9-49
38-->src/main/AndroidManifest.xml:29:19-46
39        <activity android:name="com.jisu.leiting.BTCActivity" />
39-->src/main/AndroidManifest.xml:30:9-49
39-->src/main/AndroidManifest.xml:30:19-46
40        <activity android:name="com.jisu.leiting.TRUEActivity" />
40-->src/main/AndroidManifest.xml:31:9-50
40-->src/main/AndroidManifest.xml:31:19-47
41        <activity android:name="com.jisu.leiting.WebActivity" />
41-->src/main/AndroidManifest.xml:32:9-49
41-->src/main/AndroidManifest.xml:32:19-46
42    </application>
43
44</manifest>